<?xml version="1.0" encoding="UTF-8"?>
<coverage generated="1533779187288" clover="3.2.0">
  <project timestamp="1533779187289" name="All files">
    <metrics statements="9" coveredstatements="9" conditionals="2" coveredconditionals="2" methods="1" coveredmethods="1" elements="12" coveredelements="12" complexity="0" loc="9" ncloc="9" packages="1" files="1" classes="1">
      <file name="reduce.js" path="/Users/marcus.goncalves/projects/curso-react-ninja-modulo-2/reduce/reduce.js">
        <metrics statements="9" coveredstatements="9" conditionals="2" coveredconditionals="2" methods="1" coveredmethods="1"/>
        <line num="1" count="1" type="stmt"/>
        <line num="2" count="6" type="stmt"/>
        <line num="3" count="6" type="stmt"/>
        <line num="5" count="6" type="cond" truecount="2" falsecount="0"/>
        <line num="6" count="2" type="stmt"/>
        <line num="7" count="2" type="stmt"/>
        <line num="10" count="6" type="stmt"/>
        <line num="11" count="13" type="stmt"/>
        <line num="13" count="6" type="stmt"/>
      </file>
    </metrics>
  </project>
</coverage>
