<?xml version="1.0" encoding="UTF-8"?>
<coverage generated="1533775464212" clover="3.2.0">
  <project timestamp="1533775464214" name="All files">
    <metrics statements="2" coveredstatements="2" conditionals="2" coveredconditionals="2" methods="1" coveredmethods="1" elements="5" coveredelements="5" complexity="0" loc="2" ncloc="2" packages="1" files="1" classes="1">
      <file name="reverse-recursive.js" path="/Users/marcus.goncalves/projects/curso-react-ninja-modulo-2/reverse-recursive/reverse-recursive.js">
        <metrics statements="2" coveredstatements="2" conditionals="2" coveredconditionals="2" methods="1" coveredmethods="1"/>
        <line num="1" count="1" type="stmt"/>
        <line num="2" count="8" type="cond" truecount="2" falsecount="0"/>
      </file>
    </metrics>
  </project>
</coverage>
