TN:
SF:/Users/marcus.goncalves/projects/curso-react-ninja-modulo-2/main-reduce/main-reduce.js
FN:1,(anonymous_0)
FNF:1
FNH:1
FNDA:1,(anonymous_0)
DA:1,1
DA:2,1
DA:3,1
DA:5,1
DA:6,0
DA:7,0
DA:10,1
DA:11,3
DA:13,1
LF:9
LH:7
BRDA:5,0,0,0
BRDA:5,0,1,1
BRF:2
BRH:1
end_of_record
TN:
SF:/Users/marcus.goncalves/projects/curso-react-ninja-modulo-2/reduceRight/reduceRight.js
FN:4,(anonymous_0)
FNF:1
FNH:1
FNDA:1,(anonymous_0)
DA:4,1
LF:1
LH:1
BRF:0
BRH:0
end_of_record
TN:
SF:/Users/marcus.goncalves/projects/curso-react-ninja-modulo-2/reverse/reverse.js
FN:1,(anonymous_0)
FNF:1
FNH:1
FNDA:1,(anonymous_0)
DA:1,1
DA:2,1
DA:3,1
DA:4,3
DA:6,1
LF:5
LH:5
BRF:0
BRH:0
end_of_record
