TN:
SF:/Users/marcus.goncalves/projects/curso-react-ninja-modulo-2/div/div.js
FN:1,(anonymous_0)
FNF:1
FNH:1
FNDA:1,(anonymous_0)
DA:2,1
LF:1
LH:1
BRF:0
BRH:0
end_of_record
TN:
SF:/Users/marcus.goncalves/projects/curso-react-ninja-modulo-2/every/every.js
FN:1,(anonymous_0)
FNF:1
FNH:1
FNDA:5,(anonymous_0)
DA:1,1
DA:2,5
DA:3,10
DA:4,1
DA:7,4
LF:5
LH:5
BRDA:3,0,0,1
BRDA:3,0,1,9
BRF:2
BRH:2
end_of_record
TN:
SF:/Users/marcus.goncalves/projects/curso-react-ninja-modulo-2/every-recursive/every-recursive.js
FN:1,(anonymous_0)
FN:2,everyInternal
FNF:2
FNH:2
FNDA:5,(anonymous_0)
FNDA:14,everyInternal
DA:1,1
DA:2,5
DA:3,14
DA:5,14
LF:4
LH:4
BRDA:5,0,0,4
BRDA:5,0,1,10
BRDA:7,1,0,1
BRDA:7,1,1,9
BRF:4
BRH:4
end_of_record
TN:
SF:/Users/marcus.goncalves/projects/curso-react-ninja-modulo-2/filter/filter.js
FN:1,(anonymous_0)
FNF:1
FNH:1
FNDA:5,(anonymous_0)
DA:1,1
DA:2,5
DA:3,5
DA:4,19
DA:5,13
DA:8,5
LF:6
LH:6
BRDA:4,0,0,13
BRDA:4,0,1,6
BRF:2
BRH:2
end_of_record
TN:
SF:/Users/marcus.goncalves/projects/curso-react-ninja-modulo-2/filter-recursive/filter-recursive.js
FN:1,(anonymous_0)
FN:2,filterInternal
FNF:2
FNH:2
FNDA:5,(anonymous_0)
FNDA:24,filterInternal
DA:1,1
DA:2,5
DA:3,24
DA:4,24
LF:4
LH:4
BRDA:4,0,0,5
BRDA:4,0,1,19
BRDA:6,1,0,13
BRDA:6,1,1,6
BRF:4
BRH:4
end_of_record
TN:
SF:/Users/marcus.goncalves/projects/curso-react-ninja-modulo-2/main-reduce/main-reduce.js
FN:1,(anonymous_0)
FNF:1
FNH:1
FNDA:7,(anonymous_0)
DA:1,2
DA:2,7
DA:3,7
DA:5,7
DA:6,2
DA:7,2
DA:10,7
DA:11,16
DA:13,7
LF:9
LH:9
BRDA:5,0,0,2
BRDA:5,0,1,5
BRF:2
BRH:2
end_of_record
TN:
SF:/Users/marcus.goncalves/projects/curso-react-ninja-modulo-2/main-reduce-recursive/main-reduce-recursive.js
FN:1,(anonymous_0)
FN:3,(anonymous_1)
FN:7,reduceInternal
FN:9,(anonymous_3)
FNF:4
FNH:4
FNDA:14,(anonymous_0)
FNDA:7,(anonymous_1)
FNDA:23,reduceInternal
FNDA:16,(anonymous_3)
DA:1,14
DA:3,2
DA:4,7
DA:5,7
DA:7,7
DA:8,23
DA:9,23
DA:10,23
LF:8
LH:8
BRDA:4,0,0,2
BRDA:4,0,1,5
BRDA:5,1,0,2
BRDA:5,1,1,5
BRDA:10,2,0,7
BRDA:10,2,1,16
BRF:6
BRH:6
end_of_record
TN:
SF:/Users/marcus.goncalves/projects/curso-react-ninja-modulo-2/map/map.js
FN:1,(anonymous_0)
FN:1,(anonymous_1)
FNF:2
FNH:2
FNDA:8,(anonymous_0)
FNDA:2,(anonymous_1)
DA:1,2
DA:2,8
DA:3,0
DA:6,8
DA:8,8
DA:9,14
DA:11,8
LF:7
LH:6
BRDA:1,0,0,1
BRDA:1,1,0,2
BRDA:2,2,0,0
BRDA:2,2,1,8
BRF:4
BRH:3
end_of_record
TN:
SF:/Users/marcus.goncalves/projects/curso-react-ninja-modulo-2/map-recursive/map-recursive.js
FN:1,(anonymous_0)
FN:1,(anonymous_1)
FN:2,mapInternal
FNF:3
FNH:3
FNDA:8,(anonymous_0)
FNDA:2,(anonymous_1)
FNDA:22,mapInternal
DA:1,2
DA:2,8
DA:3,22
DA:4,22
LF:4
LH:4
BRDA:1,0,0,1
BRDA:1,1,0,2
BRDA:4,2,0,8
BRDA:4,2,1,14
BRF:4
BRH:4
end_of_record
TN:
SF:/Users/marcus.goncalves/projects/curso-react-ninja-modulo-2/reduce/reduce.js
FNF:0
FNH:0
DA:3,1
LF:1
LH:1
BRF:0
BRH:0
end_of_record
TN:
SF:/Users/marcus.goncalves/projects/curso-react-ninja-modulo-2/reduce-recursive/reduce-recursive.js
FNF:0
FNH:0
DA:3,1
LF:1
LH:1
BRF:0
BRH:0
end_of_record
TN:
SF:/Users/marcus.goncalves/projects/curso-react-ninja-modulo-2/reduce-right-recursive/reduce-right-recursive.js
FN:4,(anonymous_0)
FNF:1
FNH:1
FNDA:1,(anonymous_0)
DA:4,1
DA:5,1
LF:2
LH:2
BRF:0
BRH:0
end_of_record
TN:
SF:/Users/marcus.goncalves/projects/curso-react-ninja-modulo-2/reduceRight/reduceRight.js
FN:4,(anonymous_0)
FNF:1
FNH:1
FNDA:1,(anonymous_0)
DA:4,1
LF:1
LH:1
BRF:0
BRH:0
end_of_record
TN:
SF:/Users/marcus.goncalves/projects/curso-react-ninja-modulo-2/reverse/reverse.js
FN:1,(anonymous_0)
FNF:1
FNH:1
FNDA:4,(anonymous_0)
DA:1,2
DA:2,4
DA:3,4
DA:4,8
DA:6,4
LF:5
LH:5
BRF:0
BRH:0
end_of_record
TN:
SF:/Users/marcus.goncalves/projects/curso-react-ninja-modulo-2/reverse-recursive/reverse-recursive.js
FN:1,(anonymous_0)
FNF:1
FNH:1
FNDA:12,(anonymous_0)
DA:1,2
DA:2,12
LF:2
LH:2
BRDA:2,0,0,4
BRDA:2,0,1,8
BRF:2
BRH:2
end_of_record
TN:
SF:/Users/marcus.goncalves/projects/curso-react-ninja-modulo-2/some/some.js
FN:1,(anonymous_0)
FNF:1
FNH:1
FNDA:5,(anonymous_0)
DA:1,1
DA:2,5
DA:3,6
DA:4,3
DA:7,2
LF:5
LH:5
BRDA:3,0,0,3
BRDA:3,0,1,3
BRF:2
BRH:2
end_of_record
TN:
SF:/Users/marcus.goncalves/projects/curso-react-ninja-modulo-2/some-recursive/some-recursive.js
FN:1,(anonymous_0)
FN:2,someInternal
FNF:2
FNH:2
FNDA:5,(anonymous_0)
FNDA:8,someInternal
DA:1,1
DA:2,5
DA:3,8
DA:5,8
LF:4
LH:4
BRDA:5,0,0,2
BRDA:5,0,1,6
BRDA:7,1,0,3
BRDA:7,1,1,3
BRF:4
BRH:4
end_of_record
TN:
SF:/Users/marcus.goncalves/projects/curso-react-ninja-modulo-2/sum/sum.js
FN:1,(anonymous_0)
FNF:1
FNH:1
FNDA:1,(anonymous_0)
DA:1,1
DA:5,1
LF:2
LH:2
BRF:0
BRH:0
end_of_record
